-------------------------------------------------------------------------------
Test set: com.hicarod.tests.GoogleTest
-------------------------------------------------------------------------------
Tests run: 1, Failures: 1, Errors: 0, Skipped: 0, Time elapsed: 4.628 s <<< FAILURE! - in com.hicarod.tests.GoogleTest
testMustSearchOnGoogle(com.hicarod.tests.GoogleTest)  Time elapsed: 4.608 s  <<< FAILURE!
junit.framework.AssertionFailedError
	at com.hicarod.tests.GoogleTest.testMustSearchOnGoogle(GoogleTest.java:44)

